TN:
SF:src\router.ts
FN:25,(anonymous_0)
FN:41,(anonymous_1)
FNF:2
FNH:2
FNDA:4,(anonymous_0)
FNDA:5,(anonymous_1)
DA:1,2
DA:2,2
DA:3,2
DA:4,2
DA:6,2
DA:9,2
DA:10,2
DA:15,2
DA:25,4
DA:31,2
DA:41,5
DA:50,2
DA:55,2
DA:61,2
LF:14
LH:14
BRF:0
BRH:0
end_of_record
TN:
SF:src\server.ts
FN:7,connectDB
FN:29,(anonymous_2)
FNF:2
FNH:2
FNDA:3,connectDB
FNDA:1,(anonymous_2)
DA:1,2
DA:2,2
DA:3,2
DA:4,2
DA:7,2
DA:8,3
DA:9,3
DA:10,2
DA:15,1
DA:20,2
DA:22,2
DA:25,2
DA:27,2
DA:29,2
DA:30,1
DA:34,2
LF:16
LH:16
BRF:0
BRH:0
end_of_record
TN:
SF:src\config\db.ts
FNF:0
FNH:0
DA:1,2
DA:2,2
DA:4,2
DA:6,2
DA:11,2
LF:5
LH:5
BRF:0
BRH:0
end_of_record
TN:
SF:src\handlers\product.ts
FN:4,(anonymous_1)
FN:15,(anonymous_2)
FN:29,(anonymous_3)
FN:37,(anonymous_4)
FN:57,(anonymous_5)
FN:75,(anonymous_6)
FNF:6
FNH:6
FNDA:2,(anonymous_1)
FNDA:2,(anonymous_2)
FNDA:1,(anonymous_3)
FNDA:2,(anonymous_4)
FNDA:2,(anonymous_5)
FNDA:2,(anonymous_6)
DA:2,2
DA:4,2
DA:5,2
DA:11,2
DA:15,2
DA:16,2
DA:17,2
DA:19,2
DA:20,1
DA:25,1
DA:29,2
DA:31,1
DA:32,1
DA:37,2
DA:39,2
DA:40,2
DA:42,2
DA:43,1
DA:49,1
DA:50,1
DA:53,1
DA:57,2
DA:59,2
DA:60,2
DA:62,2
DA:63,1
DA:69,1
DA:70,1
DA:71,1
DA:75,2
DA:77,2
DA:78,2
DA:80,2
DA:81,1
DA:86,1
DA:87,1
LF:36
LH:36
BRDA:19,0,0,1
BRDA:42,1,0,1
BRDA:62,2,0,1
BRDA:80,3,0,1
BRF:4
BRH:4
end_of_record
TN:
SF:src\middleware\indext.ts
FN:4,(anonymous_0)
FNF:1
FNH:1
FNDA:17,(anonymous_0)
DA:2,2
DA:4,2
DA:6,17
DA:7,17
DA:8,8
DA:10,9
LF:6
LH:6
BRDA:7,0,0,8
BRF:1
BRH:1
end_of_record
TN:
SF:src\models\Product.model.ts
FNF:0
FNH:0
DA:1,3
DA:7,3
DA:11,3
DA:16,3
DA:22,3
DA:25,3
LF:6
LH:6
BRF:0
BRH:0
end_of_record
